<wxlog>
  <threadId>#main</threadId>
  <timestamp>15:41:22:4319</timestamp>
  <msgtype>MsgWXLogLaunch</msgtype>
  <content>[The WXLogger is launched!]</content>
  <stackFrames>
[CALL STACK][0]: Method:WXTextureTools.Application.Options.OptionsConfig..ctor; File:.0
[CALL STACK][1]: Method:WXTextureTools.Application.App..ctor; File:.0
[CALL STACK][2]: Method:WXTextureTools.Program.Main; File:.0
</stackFrames>
</wxlog>
<wxlog>
  <threadId>#main</threadId>
  <timestamp>15:41:22:4445</timestamp>
  <msgtype>MsgMixture</msgtype>
  <content>string|String[]
OptionsConfig,-option=mirrorImage
-dataDir=C:/Users/rober/Documents/ShuleShule/TextToolDatas
-inPath=C:/Users/rober/Documents/ShuleShule/TextToolDatas\firstBundleTextures\png\128\Soft.c1d63e75.png
-outPath=C:/Users/rober/Documents/ShuleShule/TextToolDatas\mirrorImageTemp\temp3950.png
-execRoot=C:/Users/rober/Documents/ShuleShule/Assets\WX-WASM-SDK-V2\Editor\TextureEditor\Node
</content>
  <stackFrames>
[CALL STACK][0]: Method:WXTextureTools.Application.App..ctor; File:.0
[CALL STACK][1]: Method:WXTextureTools.Program.Main; File:.0
</stackFrames>
</wxlog>
<wxlog>
  <threadId>#main</threadId>
  <timestamp>15:41:22:4460</timestamp>
  <msgtype>MsgMixture</msgtype>
  <content>string|string
UnityBridgeHandler - SetDataDir,C:/Users/rober/Documents/ShuleShule/TextToolDatas\temp</content>
  <stackFrames>
[CALL STACK][0]: Method:WXTextureTools.Program.Main; File:.0
</stackFrames>
</wxlog>
<wxlog>
  <threadId>#main</threadId>
  <timestamp>15:41:22:4496</timestamp>
  <msgtype>MsgString</msgtype>
  <content>WXMirrorImageExec</content>
  <stackFrames>
[CALL STACK][0]: Method:WXTextureTools.Application.App..ctor; File:.0
[CALL STACK][1]: Method:WXTextureTools.Program.Main; File:.0
</stackFrames>
</wxlog>
